=== Health Check: Sat Mar 21 22:28:20 UTC 2026 ===
✅ Status daemon running
✅ X-poster running
🌐 Site status: 200
---
=== Health Check: Sat Mar 21 22:28:25 UTC 2026 ===
✅ Status daemon running
✅ X-poster running
🌐 Site status: 200
---
=== Health Check: Sat Mar 21 22:43:21 UTC 2026 ===
✅ Status daemon running
✅ X-poster running
🌐 Site status: 200
---
=== Health Check: Sat Mar 21 22:58:21 UTC 2026 ===
✅ Status daemon running
✅ X-poster running
🌐 Site status: 200
---
=== Health Check: Sat Mar 21 23:13:21 UTC 2026 ===
✅ Status daemon running
✅ X-poster running
🌐 Site status: 200
---
=== Health Check: Sat Mar 21 23:28:21 UTC 2026 ===
✅ Status daemon running
✅ X-poster running
🌐 Site status: 200
---
=== Health Check: Sat Mar 21 23:43:22 UTC 2026 ===
✅ Status daemon running
✅ X-poster running
🌐 Site status: 200
---
=== Health Check: Sat Mar 21 23:58:22 UTC 2026 ===
✅ Status daemon running
✅ X-poster running
🌐 Site status: 200
---
