🚀 Starting X/Twitter automated posting...
Posting: 🚀 BUILTECH: 98 construction software tools reviewed! Find the best for your trade. #Construction #Contractors
{
  "data":{
    "id":"2035481497621110790",
    "edit_history_tweet_ids":[
      "2035481497621110790"
    ],
    "text":"\uD83D\uDE80 BUILTECH: 98 construction software tools reviewed! Find the best for your trade. #Construction #Contractors"
  }
}
Posted at: Sat Mar 21 22:19:41 UTC 2026
---
Next post in 6 hours...
🚀 Starting X/Twitter automated posting...
Posting: 🚀 BUILTECH: 98 construction software tools reviewed! Find the best for your trade. #Construction #Contractors #BuildingTech
{
  "data":{
    "text":"\uD83D\uDE80 BUILTECH: 98 construction software tools reviewed! Find the best for your trade. #Construction #Contractors #BuildingTech",
    "edit_history_tweet_ids":[
      "2035482086912426102"
    ],
    "id":"2035482086912426102"
  }
}
Posted at: Sat Mar 21 22:22:01 UTC 2026
---
Next post in 6 hours...
🚀 Starting X/Twitter automated posting...
Custom post from queue: 📖 New Article: How to Choose Construction Software in 2026 - Complete guide for contractors #Construction #Software #Guide
Posting: 📖 New Article: How to Choose Construction Software in 2026 - Complete guide for contractors #Construction #Software #Guide
{
  "data":{
    "id":"2035482534398570643",
    "edit_history_tweet_ids":[
      "2035482534398570643"
    ],
    "text":"\uD83D\uDCD6 New Article: How to Choose Construction Software in 2026 - Complete guide for contractors #Construction #Software #Guide"
  }
}
Posted at: Sat Mar 21 22:23:48 UTC 2026
---
Next post in 6 hours...
🚀 Phase 1: Posting every 6 hours (until 100 tweets)
🚀 Starting X/Twitter automated posting... (Current: 6 posts)
Custom post from queue: 🏗️ BUILTECH Vision: We're becoming THE go-to spot for ALL construction technology! Software, AI, trends & more #ConstructionTech #Building
Posting: 🏗️ BUILTECH Vision: We're becoming THE go-to spot for ALL construction technology! Software, AI, trends & more #ConstructionTech #Building
{
  "data":{
    "id":"2035487898699501852",
    "edit_history_tweet_ids":[
      "2035487898699501852"
    ],
    "text":"\uD83C\uDFD7️ BUILTECH Vision: We're becoming THE go-to spot for ALL construction technology! Software, AI, trends \u0026amp; more #ConstructionTech #Building"
  }
}
✅ Post #7 successful
Posted at: Sat Mar 21 22:45:07 UTC 2026
---
Next post in 6 hours...
