📊 Status Update - Sat 2026-03-21 03:25 UTC

✅ Site: https://bestconstructionapps.com (HTTP 200)

📈 Content Built:
- Tools: 98
- Articles: 35
- Comparisons: 83
- PRs Ready: 26

---
Last update: Sat 2026-03-21 03:25 UTC
📊 Status Update - Sat 2026-03-21 03:25 UTC

✅ Site: https://bestconstructionapps.com (HTTP 200)

📈 Content Built:
- Tools: 98
- Articles: 35
- Comparisons: 83
- PRs Ready: 26

---
Last update: Sat 2026-03-21 03:25 UTC
✅ Status update complete
Next update in 2 hours...
📊 Status Update - Sat 2026-03-21 05:25 UTC

✅ Site: https://bestconstructionapps.com (HTTP 200)

📈 Content Built:
- Tools: 98
- Articles: 35
- Comparisons: 83
- PRs Ready: 26

---
Last update: Sat 2026-03-21 05:25 UTC
📊 Status Update - Sat 2026-03-21 05:25 UTC

✅ Site: https://bestconstructionapps.com (HTTP 200)

📈 Content Built:
- Tools: 98
- Articles: 35
- Comparisons: 83
- PRs Ready: 26

---
Last update: Sat 2026-03-21 05:25 UTC
✅ Status update complete
Next update in 2 hours...
📊 Status Update - Sat 2026-03-21 07:25 UTC

✅ Site: https://bestconstructionapps.com (HTTP 200)

📈 Content Built:
- Tools: 98
- Articles: 35
- Comparisons: 83
- PRs Ready: 26

---
Last update: Sat 2026-03-21 07:25 UTC
📊 Status Update - Sat 2026-03-21 07:25 UTC

✅ Site: https://bestconstructionapps.com (HTTP 200)

📈 Content Built:
- Tools: 98
- Articles: 35
- Comparisons: 83
- PRs Ready: 26

---
Last update: Sat 2026-03-21 07:25 UTC
✅ Status update complete
Next update in 2 hours...
📊 Status Update - Sat 2026-03-21 09:25 UTC

✅ Site: https://bestconstructionapps.com (HTTP 200)

📈 Content Built:
- Tools: 98
- Articles: 35
- Comparisons: 83
- PRs Ready: 26

---
Last update: Sat 2026-03-21 09:25 UTC
📊 Status Update - Sat 2026-03-21 09:25 UTC

✅ Site: https://bestconstructionapps.com (HTTP 200)

📈 Content Built:
- Tools: 98
- Articles: 35
- Comparisons: 83
- PRs Ready: 26

---
Last update: Sat 2026-03-21 09:25 UTC
✅ Status update complete
Next update in 2 hours...
📊 Status Update - Sat 2026-03-21 11:25 UTC

✅ Site: https://bestconstructionapps.com (HTTP 200)

📈 Content Built:
- Tools: 98
- Articles: 35
- Comparisons: 83
- PRs Ready: 26

---
Last update: Sat 2026-03-21 11:25 UTC
📊 Status Update - Sat 2026-03-21 11:25 UTC

✅ Site: https://bestconstructionapps.com (HTTP 200)

📈 Content Built:
- Tools: 98
- Articles: 35
- Comparisons: 83
- PRs Ready: 26

---
Last update: Sat 2026-03-21 11:25 UTC
✅ Status update complete
Next update in 2 hours...
📊 Status Update - Sat 2026-03-21 13:25 UTC

✅ Site: https://bestconstructionapps.com (HTTP 200)

📈 Content Built:
- Tools: 98
- Articles: 35
- Comparisons: 83
- PRs Ready: 26

---
Last update: Sat 2026-03-21 13:25 UTC
📊 Status Update - Sat 2026-03-21 13:25 UTC

✅ Site: https://bestconstructionapps.com (HTTP 200)

📈 Content Built:
- Tools: 98
- Articles: 35
- Comparisons: 83
- PRs Ready: 26

---
Last update: Sat 2026-03-21 13:25 UTC
✅ Status update complete
Next update in 2 hours...
📊 Status Update - Sat 2026-03-21 15:25 UTC

✅ Site: https://bestconstructionapps.com (HTTP 200)

📈 Content Built:
- Tools: 98
- Articles: 35
- Comparisons: 83
- PRs Ready: 26

---
Last update: Sat 2026-03-21 15:25 UTC
📊 Status Update - Sat 2026-03-21 15:25 UTC

✅ Site: https://bestconstructionapps.com (HTTP 200)

📈 Content Built:
- Tools: 98
- Articles: 35
- Comparisons: 83
- PRs Ready: 26

---
Last update: Sat 2026-03-21 15:25 UTC
✅ Status update complete
Next update in 2 hours...
📊 Status Update - Sat 2026-03-21 17:25 UTC

✅ Site: https://bestconstructionapps.com (HTTP 200)

📈 Content Built:
- Tools: 98
- Articles: 35
- Comparisons: 83
- PRs Ready: 26

---
Last update: Sat 2026-03-21 17:25 UTC
📊 Status Update - Sat 2026-03-21 17:25 UTC

✅ Site: https://bestconstructionapps.com (HTTP 200)

📈 Content Built:
- Tools: 98
- Articles: 35
- Comparisons: 83
- PRs Ready: 26

---
Last update: Sat 2026-03-21 17:25 UTC
✅ Status update complete
Next update in 2 hours...
📊 Status Update - Sat 2026-03-21 19:25 UTC

✅ Site: https://bestconstructionapps.com (HTTP 200)

📈 Content Built:
- Tools: 98
- Articles: 35
- Comparisons: 83
- PRs Ready: 26

---
Last update: Sat 2026-03-21 19:25 UTC
📊 Status Update - Sat 2026-03-21 19:25 UTC

✅ Site: https://bestconstructionapps.com (HTTP 200)

📈 Content Built:
- Tools: 98
- Articles: 35
- Comparisons: 83
- PRs Ready: 26

---
Last update: Sat 2026-03-21 19:25 UTC
✅ Status update complete
Next update in 2 hours...
📊 Status Update - Sat 2026-03-21 21:25 UTC

✅ Site: https://bestconstructionapps.com (HTTP 200)

📈 Content Built:
- Tools: 98
- Articles: 35
- Comparisons: 83
- PRs Ready: 26

---
Last update: Sat 2026-03-21 21:25 UTC
📊 Status Update - Sat 2026-03-21 21:25 UTC

✅ Site: https://bestconstructionapps.com (HTTP 200)

📈 Content Built:
- Tools: 98
- Articles: 35
- Comparisons: 83
- PRs Ready: 26

---
Last update: Sat 2026-03-21 21:25 UTC
✅ Status update complete
Next update in 2 hours...
📊 Status Update - Sat 2026-03-21 23:25 UTC

✅ Site: https://bestconstructionapps.com (HTTP 200)

📈 Content Built:
- Tools: 98
- Articles: 35
- Comparisons: 83
- PRs Ready: 26

---
Last update: Sat 2026-03-21 23:25 UTC
📊 Status Update - Sat 2026-03-21 23:25 UTC

✅ Site: https://bestconstructionapps.com (HTTP 200)

📈 Content Built:
- Tools: 98
- Articles: 35
- Comparisons: 83
- PRs Ready: 26

---
Last update: Sat 2026-03-21 23:25 UTC
✅ Status update complete
Next update in 2 hours...
📊 Status Update - Fri 2026-03-27 19:26 UTC

✅ Site: https://bestconstructionapps.com (HTTP 200)

📈 Content Built:
- Tools: 98
- Articles: 35
- Comparisons: 94
- PRs Ready: 26

---
Last update: Fri 2026-03-27 19:26 UTC
📊 Status Update - Fri 2026-03-27 19:26 UTC

✅ Site: https://bestconstructionapps.com (HTTP 200)

📈 Content Built:
- Tools: 98
- Articles: 35
- Comparisons: 94
- PRs Ready: 26

---
Last update: Fri 2026-03-27 19:26 UTC
✅ Status update complete
Next update in 2 hours...
📊 Status Update - Fri 2026-03-27 21:26 UTC

✅ Site: https://bestconstructionapps.com (HTTP 200)

📈 Content Built:
- Tools: 98
- Articles: 35
- Comparisons: 94
- PRs Ready: 26

---
Last update: Fri 2026-03-27 21:26 UTC
📊 Status Update - Fri 2026-03-27 21:26 UTC

✅ Site: https://bestconstructionapps.com (HTTP 200)

📈 Content Built:
- Tools: 98
- Articles: 35
- Comparisons: 94
- PRs Ready: 26

---
Last update: Fri 2026-03-27 21:26 UTC
✅ Status update complete
Next update in 2 hours...
📊 Status Update - Fri 2026-03-27 23:26 UTC

✅ Site: https://bestconstructionapps.com (HTTP 200)

📈 Content Built:
- Tools: 98
- Articles: 35
- Comparisons: 94
- PRs Ready: 26

---
Last update: Fri 2026-03-27 23:26 UTC
📊 Status Update - Fri 2026-03-27 23:26 UTC

✅ Site: https://bestconstructionapps.com (HTTP 200)

📈 Content Built:
- Tools: 98
- Articles: 35
- Comparisons: 94
- PRs Ready: 26

---
Last update: Fri 2026-03-27 23:26 UTC
✅ Status update complete
Next update in 2 hours...
📊 Status Update - Sat 2026-03-28 01:26 UTC

✅ Site: https://bestconstructionapps.com (HTTP 200)

📈 Content Built:
- Tools: 98
- Articles: 35
- Comparisons: 94
- PRs Ready: 26

---
Last update: Sat 2026-03-28 01:26 UTC
📊 Status Update - Sat 2026-03-28 01:26 UTC

✅ Site: https://bestconstructionapps.com (HTTP 200)

📈 Content Built:
- Tools: 98
- Articles: 35
- Comparisons: 94
- PRs Ready: 26

---
Last update: Sat 2026-03-28 01:26 UTC
✅ Status update complete
Next update in 2 hours...
📊 Status Update - Sat 2026-03-28 03:26 UTC

✅ Site: https://bestconstructionapps.com (HTTP 200)

📈 Content Built:
- Tools: 98
- Articles: 35
- Comparisons: 94
- PRs Ready: 26

---
Last update: Sat 2026-03-28 03:26 UTC
📊 Status Update - Sat 2026-03-28 03:26 UTC

✅ Site: https://bestconstructionapps.com (HTTP 200)

📈 Content Built:
- Tools: 98
- Articles: 35
- Comparisons: 94
- PRs Ready: 26

---
Last update: Sat 2026-03-28 03:26 UTC
✅ Status update complete
Next update in 2 hours...
📊 Status Update - Sat 2026-03-28 05:26 UTC

✅ Site: https://bestconstructionapps.com (HTTP 200)

📈 Content Built:
- Tools: 98
- Articles: 35
- Comparisons: 94
- PRs Ready: 26

---
Last update: Sat 2026-03-28 05:26 UTC
📊 Status Update - Sat 2026-03-28 05:26 UTC

✅ Site: https://bestconstructionapps.com (HTTP 200)

📈 Content Built:
- Tools: 98
- Articles: 35
- Comparisons: 94
- PRs Ready: 26

---
Last update: Sat 2026-03-28 05:26 UTC
✅ Status update complete
Next update in 2 hours...
📊 Status Update - Sat 2026-03-28 07:26 UTC

✅ Site: https://bestconstructionapps.com (HTTP 200)

📈 Content Built:
- Tools: 98
- Articles: 35
- Comparisons: 94
- PRs Ready: 26

---
Last update: Sat 2026-03-28 07:26 UTC
📊 Status Update - Sat 2026-03-28 07:26 UTC

✅ Site: https://bestconstructionapps.com (HTTP 200)

📈 Content Built:
- Tools: 98
- Articles: 35
- Comparisons: 94
- PRs Ready: 26

---
Last update: Sat 2026-03-28 07:26 UTC
✅ Status update complete
Next update in 2 hours...
📊 Status Update - Sat 2026-03-28 09:26 UTC

✅ Site: https://bestconstructionapps.com (HTTP 200)

📈 Content Built:
- Tools: 98
- Articles: 35
- Comparisons: 94
- PRs Ready: 26

---
Last update: Sat 2026-03-28 09:26 UTC
📊 Status Update - Sat 2026-03-28 09:26 UTC

✅ Site: https://bestconstructionapps.com (HTTP 200)

📈 Content Built:
- Tools: 98
- Articles: 35
- Comparisons: 94
- PRs Ready: 26

---
Last update: Sat 2026-03-28 09:26 UTC
✅ Status update complete
Next update in 2 hours...
📊 Status Update - Sat 2026-03-28 11:26 UTC

✅ Site: https://bestconstructionapps.com (HTTP 200)

📈 Content Built:
- Tools: 98
- Articles: 35
- Comparisons: 94
- PRs Ready: 26

---
Last update: Sat 2026-03-28 11:26 UTC
📊 Status Update - Sat 2026-03-28 11:26 UTC

✅ Site: https://bestconstructionapps.com (HTTP 200)

📈 Content Built:
- Tools: 98
- Articles: 35
- Comparisons: 94
- PRs Ready: 26

---
Last update: Sat 2026-03-28 11:26 UTC
✅ Status update complete
Next update in 2 hours...
📊 Status Update - Sat 2026-03-28 13:26 UTC

✅ Site: https://bestconstructionapps.com (HTTP 200)

📈 Content Built:
- Tools: 98
- Articles: 35
- Comparisons: 94
- PRs Ready: 26

---
Last update: Sat 2026-03-28 13:26 UTC
📊 Status Update - Sat 2026-03-28 13:26 UTC

✅ Site: https://bestconstructionapps.com (HTTP 200)

📈 Content Built:
- Tools: 98
- Articles: 35
- Comparisons: 94
- PRs Ready: 26

---
Last update: Sat 2026-03-28 13:26 UTC
✅ Status update complete
Next update in 2 hours...
📊 Status Update - Sat 2026-03-28 15:26 UTC

✅ Site: https://bestconstructionapps.com (HTTP 200)

📈 Content Built:
- Tools: 98
- Articles: 35
- Comparisons: 94
- PRs Ready: 26

---
Last update: Sat 2026-03-28 15:26 UTC
📊 Status Update - Sat 2026-03-28 15:26 UTC

✅ Site: https://bestconstructionapps.com (HTTP 200)

📈 Content Built:
- Tools: 98
- Articles: 35
- Comparisons: 94
- PRs Ready: 26

---
Last update: Sat 2026-03-28 15:26 UTC
✅ Status update complete
Next update in 2 hours...
📊 Status Update - Sat 2026-03-28 17:26 UTC

✅ Site: https://bestconstructionapps.com (HTTP 200)

📈 Content Built:
- Tools: 98
- Articles: 35
- Comparisons: 94
- PRs Ready: 26

---
Last update: Sat 2026-03-28 17:26 UTC
📊 Status Update - Sat 2026-03-28 17:26 UTC

✅ Site: https://bestconstructionapps.com (HTTP 200)

📈 Content Built:
- Tools: 98
- Articles: 35
- Comparisons: 94
- PRs Ready: 26

---
Last update: Sat 2026-03-28 17:26 UTC
✅ Status update complete
Next update in 2 hours...
📊 Status Update - Sat 2026-03-28 19:26 UTC

✅ Site: https://bestconstructionapps.com (HTTP 200)

📈 Content Built:
- Tools: 98
- Articles: 35
- Comparisons: 94
- PRs Ready: 26

---
Last update: Sat 2026-03-28 19:26 UTC
📊 Status Update - Sat 2026-03-28 19:26 UTC

✅ Site: https://bestconstructionapps.com (HTTP 200)

📈 Content Built:
- Tools: 98
- Articles: 35
- Comparisons: 94
- PRs Ready: 26

---
Last update: Sat 2026-03-28 19:26 UTC
✅ Status update complete
Next update in 2 hours...
📊 Status Update - Sat 2026-03-28 21:26 UTC

✅ Site: https://bestconstructionapps.com (HTTP 200)

📈 Content Built:
- Tools: 98
- Articles: 35
- Comparisons: 94
- PRs Ready: 26

---
Last update: Sat 2026-03-28 21:26 UTC
📊 Status Update - Sat 2026-03-28 21:26 UTC

✅ Site: https://bestconstructionapps.com (HTTP 200)

📈 Content Built:
- Tools: 98
- Articles: 35
- Comparisons: 94
- PRs Ready: 26

---
Last update: Sat 2026-03-28 21:26 UTC
✅ Status update complete
Next update in 2 hours...
📊 Status Update - Sat 2026-03-28 23:26 UTC

✅ Site: https://bestconstructionapps.com (HTTP 200)

📈 Content Built:
- Tools: 98
- Articles: 35
- Comparisons: 94
- PRs Ready: 26

---
Last update: Sat 2026-03-28 23:26 UTC
📊 Status Update - Sat 2026-03-28 23:26 UTC

✅ Site: https://bestconstructionapps.com (HTTP 200)

📈 Content Built:
- Tools: 98
- Articles: 35
- Comparisons: 94
- PRs Ready: 26

---
Last update: Sat 2026-03-28 23:26 UTC
✅ Status update complete
Next update in 2 hours...
📊 Status Update - Sun 2026-03-29 01:26 UTC

✅ Site: https://bestconstructionapps.com (HTTP 200)

📈 Content Built:
- Tools: 98
- Articles: 35
- Comparisons: 94
- PRs Ready: 26

---
Last update: Sun 2026-03-29 01:26 UTC
📊 Status Update - Sun 2026-03-29 01:26 UTC

✅ Site: https://bestconstructionapps.com (HTTP 200)

📈 Content Built:
- Tools: 98
- Articles: 35
- Comparisons: 94
- PRs Ready: 26

---
Last update: Sun 2026-03-29 01:26 UTC
✅ Status update complete
Next update in 2 hours...
📊 Status Update - Sun 2026-03-29 03:26 UTC

✅ Site: https://bestconstructionapps.com (HTTP 200)

📈 Content Built:
- Tools: 98
- Articles: 35
- Comparisons: 94
- PRs Ready: 26

---
Last update: Sun 2026-03-29 03:26 UTC
📊 Status Update - Sun 2026-03-29 03:26 UTC

✅ Site: https://bestconstructionapps.com (HTTP 200)

📈 Content Built:
- Tools: 98
- Articles: 35
- Comparisons: 94
- PRs Ready: 26

---
Last update: Sun 2026-03-29 03:26 UTC
✅ Status update complete
Next update in 2 hours...
📊 Status Update - Sun 2026-03-29 05:26 UTC

✅ Site: https://bestconstructionapps.com (HTTP 200)

📈 Content Built:
- Tools: 98
- Articles: 35
- Comparisons: 94
- PRs Ready: 26

---
Last update: Sun 2026-03-29 05:26 UTC
📊 Status Update - Sun 2026-03-29 05:26 UTC

✅ Site: https://bestconstructionapps.com (HTTP 200)

📈 Content Built:
- Tools: 98
- Articles: 35
- Comparisons: 94
- PRs Ready: 26

---
Last update: Sun 2026-03-29 05:26 UTC
✅ Status update complete
Next update in 2 hours...
📊 Status Update - Sun 2026-03-29 07:26 UTC

✅ Site: https://bestconstructionapps.com (HTTP 200)

📈 Content Built:
- Tools: 98
- Articles: 35
- Comparisons: 94
- PRs Ready: 26

---
Last update: Sun 2026-03-29 07:26 UTC
📊 Status Update - Sun 2026-03-29 07:26 UTC

✅ Site: https://bestconstructionapps.com (HTTP 200)

📈 Content Built:
- Tools: 98
- Articles: 35
- Comparisons: 94
- PRs Ready: 26

---
Last update: Sun 2026-03-29 07:26 UTC
✅ Status update complete
Next update in 2 hours...
📊 Status Update - Sun 2026-03-29 09:26 UTC

✅ Site: https://bestconstructionapps.com (HTTP 200)

📈 Content Built:
- Tools: 98
- Articles: 35
- Comparisons: 94
- PRs Ready: 26

---
Last update: Sun 2026-03-29 09:26 UTC
📊 Status Update - Sun 2026-03-29 09:26 UTC

✅ Site: https://bestconstructionapps.com (HTTP 200)

📈 Content Built:
- Tools: 98
- Articles: 35
- Comparisons: 94
- PRs Ready: 26

---
Last update: Sun 2026-03-29 09:26 UTC
✅ Status update complete
Next update in 2 hours...
📊 Status Update - Sun 2026-03-29 11:26 UTC

✅ Site: https://bestconstructionapps.com (HTTP 200)

📈 Content Built:
- Tools: 98
- Articles: 35
- Comparisons: 94
- PRs Ready: 26

---
Last update: Sun 2026-03-29 11:26 UTC
📊 Status Update - Sun 2026-03-29 11:26 UTC

✅ Site: https://bestconstructionapps.com (HTTP 200)

📈 Content Built:
- Tools: 98
- Articles: 35
- Comparisons: 94
- PRs Ready: 26

---
Last update: Sun 2026-03-29 11:26 UTC
✅ Status update complete
Next update in 2 hours...
📊 Status Update - Sun 2026-03-29 13:26 UTC

✅ Site: https://bestconstructionapps.com (HTTP 200)

📈 Content Built:
- Tools: 98
- Articles: 35
- Comparisons: 94
- PRs Ready: 26

---
Last update: Sun 2026-03-29 13:26 UTC
📊 Status Update - Sun 2026-03-29 13:26 UTC

✅ Site: https://bestconstructionapps.com (HTTP 200)

📈 Content Built:
- Tools: 98
- Articles: 35
- Comparisons: 94
- PRs Ready: 26

---
Last update: Sun 2026-03-29 13:26 UTC
✅ Status update complete
Next update in 2 hours...
📊 Status Update - Sun 2026-03-29 15:26 UTC

✅ Site: https://bestconstructionapps.com (HTTP 200)

📈 Content Built:
- Tools: 98
- Articles: 35
- Comparisons: 94
- PRs Ready: 26

---
Last update: Sun 2026-03-29 15:26 UTC
📊 Status Update - Sun 2026-03-29 15:26 UTC

✅ Site: https://bestconstructionapps.com (HTTP 200)

📈 Content Built:
- Tools: 98
- Articles: 35
- Comparisons: 94
- PRs Ready: 26

---
Last update: Sun 2026-03-29 15:26 UTC
✅ Status update complete
Next update in 2 hours...
📊 Status Update - Sun 2026-03-29 17:26 UTC

✅ Site: https://bestconstructionapps.com (HTTP 200)

📈 Content Built:
- Tools: 98
- Articles: 35
- Comparisons: 94
- PRs Ready: 26

---
Last update: Sun 2026-03-29 17:26 UTC
📊 Status Update - Sun 2026-03-29 17:26 UTC

✅ Site: https://bestconstructionapps.com (HTTP 200)

📈 Content Built:
- Tools: 98
- Articles: 35
- Comparisons: 94
- PRs Ready: 26

---
Last update: Sun 2026-03-29 17:26 UTC
✅ Status update complete
Next update in 2 hours...
📊 Status Update - Sun 2026-03-29 19:26 UTC

✅ Site: https://bestconstructionapps.com (HTTP 200)

📈 Content Built:
- Tools: 98
- Articles: 35
- Comparisons: 94
- PRs Ready: 26

---
Last update: Sun 2026-03-29 19:26 UTC
📊 Status Update - Sun 2026-03-29 19:26 UTC

✅ Site: https://bestconstructionapps.com (HTTP 200)

📈 Content Built:
- Tools: 98
- Articles: 35
- Comparisons: 94
- PRs Ready: 26

---
Last update: Sun 2026-03-29 19:26 UTC
✅ Status update complete
Next update in 2 hours...
📊 Status Update - Sun 2026-03-29 21:26 UTC

✅ Site: https://bestconstructionapps.com (HTTP 200)

📈 Content Built:
- Tools: 98
- Articles: 35
- Comparisons: 94
- PRs Ready: 26

---
Last update: Sun 2026-03-29 21:26 UTC
📊 Status Update - Sun 2026-03-29 21:26 UTC

✅ Site: https://bestconstructionapps.com (HTTP 200)

📈 Content Built:
- Tools: 98
- Articles: 35
- Comparisons: 94
- PRs Ready: 26

---
Last update: Sun 2026-03-29 21:26 UTC
✅ Status update complete
Next update in 2 hours...
📊 Status Update - Sun 2026-03-29 23:26 UTC

✅ Site: https://bestconstructionapps.com (HTTP 200)

📈 Content Built:
- Tools: 98
- Articles: 35
- Comparisons: 94
- PRs Ready: 26

---
Last update: Sun 2026-03-29 23:26 UTC
📊 Status Update - Sun 2026-03-29 23:26 UTC

✅ Site: https://bestconstructionapps.com (HTTP 200)

📈 Content Built:
- Tools: 98
- Articles: 35
- Comparisons: 94
- PRs Ready: 26

---
Last update: Sun 2026-03-29 23:26 UTC
✅ Status update complete
Next update in 2 hours...
📊 Status Update - Mon 2026-03-30 01:26 UTC

✅ Site: https://bestconstructionapps.com (HTTP 200)

📈 Content Built:
- Tools: 98
- Articles: 35
- Comparisons: 94
- PRs Ready: 26

---
Last update: Mon 2026-03-30 01:26 UTC
📊 Status Update - Mon 2026-03-30 01:26 UTC

✅ Site: https://bestconstructionapps.com (HTTP 200)

📈 Content Built:
- Tools: 98
- Articles: 35
- Comparisons: 94
- PRs Ready: 26

---
Last update: Mon 2026-03-30 01:26 UTC
✅ Status update complete
Next update in 2 hours...
📊 Status Update - Mon 2026-03-30 03:26 UTC

✅ Site: https://bestconstructionapps.com (HTTP 200)

📈 Content Built:
- Tools: 98
- Articles: 35
- Comparisons: 94
- PRs Ready: 26

---
Last update: Mon 2026-03-30 03:26 UTC
📊 Status Update - Mon 2026-03-30 03:26 UTC

✅ Site: https://bestconstructionapps.com (HTTP 200)

📈 Content Built:
- Tools: 98
- Articles: 35
- Comparisons: 94
- PRs Ready: 26

---
Last update: Mon 2026-03-30 03:26 UTC
✅ Status update complete
Next update in 2 hours...
📊 Status Update - Mon 2026-03-30 05:26 UTC

✅ Site: https://bestconstructionapps.com (HTTP 200)

📈 Content Built:
- Tools: 98
- Articles: 35
- Comparisons: 94
- PRs Ready: 26

---
Last update: Mon 2026-03-30 05:26 UTC
📊 Status Update - Mon 2026-03-30 05:26 UTC

✅ Site: https://bestconstructionapps.com (HTTP 200)

📈 Content Built:
- Tools: 98
- Articles: 35
- Comparisons: 94
- PRs Ready: 26

---
Last update: Mon 2026-03-30 05:26 UTC
✅ Status update complete
Next update in 2 hours...
📊 Status Update - Mon 2026-03-30 07:26 UTC

✅ Site: https://bestconstructionapps.com (HTTP 200)

📈 Content Built:
- Tools: 98
- Articles: 35
- Comparisons: 94
- PRs Ready: 26

---
Last update: Mon 2026-03-30 07:26 UTC
📊 Status Update - Mon 2026-03-30 07:26 UTC

✅ Site: https://bestconstructionapps.com (HTTP 200)

📈 Content Built:
- Tools: 98
- Articles: 35
- Comparisons: 94
- PRs Ready: 26

---
Last update: Mon 2026-03-30 07:26 UTC
✅ Status update complete
Next update in 2 hours...
📊 Status Update - Mon 2026-03-30 09:26 UTC

✅ Site: https://bestconstructionapps.com (HTTP 200)

📈 Content Built:
- Tools: 98
- Articles: 35
- Comparisons: 94
- PRs Ready: 26

---
Last update: Mon 2026-03-30 09:26 UTC
📊 Status Update - Mon 2026-03-30 09:26 UTC

✅ Site: https://bestconstructionapps.com (HTTP 200)

📈 Content Built:
- Tools: 98
- Articles: 35
- Comparisons: 94
- PRs Ready: 26

---
Last update: Mon 2026-03-30 09:26 UTC
✅ Status update complete
Next update in 2 hours...
📊 Status Update - Mon 2026-03-30 11:26 UTC

✅ Site: https://bestconstructionapps.com (HTTP 200)

📈 Content Built:
- Tools: 98
- Articles: 35
- Comparisons: 94
- PRs Ready: 26

---
Last update: Mon 2026-03-30 11:26 UTC
📊 Status Update - Mon 2026-03-30 11:26 UTC

✅ Site: https://bestconstructionapps.com (HTTP 200)

📈 Content Built:
- Tools: 98
- Articles: 35
- Comparisons: 94
- PRs Ready: 26

---
Last update: Mon 2026-03-30 11:26 UTC
✅ Status update complete
Next update in 2 hours...
📊 Status Update - Mon 2026-03-30 13:26 UTC

✅ Site: https://bestconstructionapps.com (HTTP 200)

📈 Content Built:
- Tools: 98
- Articles: 35
- Comparisons: 94
- PRs Ready: 26

---
Last update: Mon 2026-03-30 13:26 UTC
📊 Status Update - Mon 2026-03-30 13:26 UTC

✅ Site: https://bestconstructionapps.com (HTTP 200)

📈 Content Built:
- Tools: 98
- Articles: 35
- Comparisons: 94
- PRs Ready: 26

---
Last update: Mon 2026-03-30 13:26 UTC
✅ Status update complete
Next update in 2 hours...
📊 Status Update - Mon 2026-03-30 15:26 UTC

✅ Site: https://bestconstructionapps.com (HTTP 200)

📈 Content Built:
- Tools: 98
- Articles: 35
- Comparisons: 94
- PRs Ready: 26

---
Last update: Mon 2026-03-30 15:26 UTC
📊 Status Update - Mon 2026-03-30 15:26 UTC

✅ Site: https://bestconstructionapps.com (HTTP 200)

📈 Content Built:
- Tools: 98
- Articles: 35
- Comparisons: 94
- PRs Ready: 26

---
Last update: Mon 2026-03-30 15:26 UTC
✅ Status update complete
Next update in 2 hours...
📊 Status Update - Mon 2026-03-30 17:26 UTC

✅ Site: https://bestconstructionapps.com (HTTP 200)

📈 Content Built:
- Tools: 98
- Articles: 35
- Comparisons: 94
- PRs Ready: 26

---
Last update: Mon 2026-03-30 17:26 UTC
📊 Status Update - Mon 2026-03-30 17:26 UTC

✅ Site: https://bestconstructionapps.com (HTTP 200)

📈 Content Built:
- Tools: 98
- Articles: 35
- Comparisons: 94
- PRs Ready: 26

---
Last update: Mon 2026-03-30 17:26 UTC
✅ Status update complete
Next update in 2 hours...
📊 Status Update - Mon 2026-03-30 19:26 UTC

✅ Site: https://bestconstructionapps.com (HTTP 200)

📈 Content Built:
- Tools: 98
- Articles: 35
- Comparisons: 94
- PRs Ready: 26

---
Last update: Mon 2026-03-30 19:26 UTC
📊 Status Update - Mon 2026-03-30 19:26 UTC

✅ Site: https://bestconstructionapps.com (HTTP 200)

📈 Content Built:
- Tools: 98
- Articles: 35
- Comparisons: 94
- PRs Ready: 26

---
Last update: Mon 2026-03-30 19:26 UTC
✅ Status update complete
Next update in 2 hours...
📊 Status Update - Mon 2026-03-30 21:26 UTC

✅ Site: https://bestconstructionapps.com (HTTP 200)

📈 Content Built:
- Tools: 98
- Articles: 35
- Comparisons: 94
- PRs Ready: 26

---
Last update: Mon 2026-03-30 21:26 UTC
📊 Status Update - Mon 2026-03-30 21:26 UTC

✅ Site: https://bestconstructionapps.com (HTTP 200)

📈 Content Built:
- Tools: 98
- Articles: 35
- Comparisons: 94
- PRs Ready: 26

---
Last update: Mon 2026-03-30 21:26 UTC
✅ Status update complete
Next update in 2 hours...
📊 Status Update - Mon 2026-03-30 23:26 UTC

✅ Site: https://bestconstructionapps.com (HTTP 200)

📈 Content Built:
- Tools: 98
- Articles: 35
- Comparisons: 94
- PRs Ready: 26

---
Last update: Mon 2026-03-30 23:26 UTC
📊 Status Update - Mon 2026-03-30 23:26 UTC

✅ Site: https://bestconstructionapps.com (HTTP 200)

📈 Content Built:
- Tools: 98
- Articles: 35
- Comparisons: 94
- PRs Ready: 26

---
Last update: Mon 2026-03-30 23:26 UTC
✅ Status update complete
Next update in 2 hours...
📊 Status Update - Tue 2026-03-31 01:26 UTC

✅ Site: https://bestconstructionapps.com (HTTP 200)

📈 Content Built:
- Tools: 98
- Articles: 35
- Comparisons: 94
- PRs Ready: 26

---
Last update: Tue 2026-03-31 01:26 UTC
📊 Status Update - Tue 2026-03-31 01:26 UTC

✅ Site: https://bestconstructionapps.com (HTTP 200)

📈 Content Built:
- Tools: 98
- Articles: 35
- Comparisons: 94
- PRs Ready: 26

---
Last update: Tue 2026-03-31 01:26 UTC
✅ Status update complete
Next update in 2 hours...
